Arguments: 
  /usr/local/Cellar/node/14.4.0/bin/node /usr/local/Cellar/yarn/1.22.4/libexec/bin/yarn.js install

PATH: 
  /usr/local/bin:/usr/bin:/bin:/usr/sbin:/sbin:/usr/local/go/bin:/opt/X11/bin

Yarn version: 
  1.22.4

Node version: 
  14.4.0

Platform: 
  darwin x64

Trace: 
  SyntaxError: /Users/parkmh90/cloud-native-post-academy/cicd-front/package.json: Unexpected token } in JSON at position 200
      at JSON.parse (<anonymous>)
      at /usr/local/Cellar/yarn/1.22.4/libexec/lib/cli.js:1625:59
      at Generator.next (<anonymous>)
      at step (/usr/local/Cellar/yarn/1.22.4/libexec/lib/cli.js:310:30)
      at /usr/local/Cellar/yarn/1.22.4/libexec/lib/cli.js:321:13

npm manifest: 
  {
    "name": "CloudAcademy-front",
    "version": "0.0.1",
    "scripts": {
      "start": "node index.js"
    },
    "dependencies": {
      "dotenv": "^6.0.0",
      "express": "3.4.8",
      "process": "latest",
    }
  }

yarn manifest: 
  No manifest

Lockfile: 
  No lockfile
